\BOOKMARK [1][-]{section.1}{Introduction and Problem Statement:}{}% 1
\BOOKMARK [1][-]{section.2}{Algorithm Analysis:}{}% 2
\BOOKMARK [2][-]{subsection.2.1}{Gray Level Co-occurrence Matrix }{section.2}% 3
\BOOKMARK [3][-]{subsubsection.2.1.1}{Spatial Relationship between two pixels:}{subsection.2.1}% 4
\BOOKMARK [3][-]{subsubsection.2.1.2}{Separation between two pixels:}{subsection.2.1}% 5
\BOOKMARK [3][-]{subsubsection.2.1.3}{Other Parameters:}{subsection.2.1}% 6
\BOOKMARK [3][-]{subsubsection.2.1.4}{Computing GLCM Matrix:}{subsection.2.1}% 7
\BOOKMARK [3][-]{subsubsection.2.1.5}{Reading GLCM Matrix:}{subsection.2.1}% 8
\BOOKMARK [2][-]{subsection.2.2}{Energy Filters:}{section.2}% 9
\BOOKMARK [1][-]{section.3}{Design and Implementation:}{}% 10
\BOOKMARK [2][-]{subsection.3.1}{GLCM Algorithm:}{section.3}% 11
\BOOKMARK [3][-]{subsubsection.3.1.1}{Parameters of "graycomatrix"}{subsection.3.1}% 12
\BOOKMARK [3][-]{subsubsection.3.1.2}{Parameters of " graycoprops"}{subsection.3.1}% 13
\BOOKMARK [2][-]{subsection.3.2}{Energy Filters:}{section.3}% 14
\BOOKMARK [2][-]{subsection.3.3}{Type of Adjacency for Neighbourhood:}{section.3}% 15
\BOOKMARK [2][-]{subsection.3.4}{Aggregation Criteria:}{section.3}% 16
\BOOKMARK [1][-]{section.4}{Design and Implementation:}{}% 17
\BOOKMARK [2][-]{subsection.4.1}{Functions Developed:}{section.4}% 18
\BOOKMARK [1][-]{section.5}{Experimental Results and Analysis}{}% 19
\BOOKMARK [2][-]{subsection.5.1}{GLCM Results}{section.5}% 20
\BOOKMARK [2][-]{subsection.5.2}{Solution:}{section.5}% 21
